<?xml version="1.0" encoding="UTF-8"?>
<testsuite name="TestSuite" time="70.744" tests="3" errors="0" skipped="0" failures="1">
  <properties>
[...]
</properties>
  <testcase name="GiftCard" classname="com.hotels.bootcamp.qa_autoation_bobby.TestGiftCard" time="61.285">
    <failure message="Expected condition failed: Webdriver waited for 15 seconds but still could not find the element therefore Timeout Exception has been thrown (tried for 15 second(s) with 1 SECONDS interval)&#10;Build info: version: &apos;3.0.1&apos;, revision: &apos;1969d75&apos;, time: &apos;2016-10-18 09:49:13 -0700&apos;&#10;System info: host: &apos;DESKTOP-T7V4247&apos;, ip: &apos;192.168.75.1&apos;, os.name: &apos;Windows 10&apos;, os.arch: &apos;amd64&apos;, os.version: &apos;10.0&apos;, java.version: &apos;1.8.0_111&apos;&#10;Driver info: driver.version: unknown" type="org.openqa.selenium.TimeoutException">org.openqa.selenium.TimeoutException: Expected condition failed: Webdriver waited for 15 seconds but still could not find the element therefore Timeout Exception has been thrown (tried for 15 second(s) with 1 SECONDS interval)
Build info: version: '3.0.1', revision: '1969d75', time: '2016-10-18 09:49:13 -0700'
System info: host: 'DESKTOP-T7V4247', ip: '192.168.75.1', os.name: 'Windows 10', os.arch: 'amd64', os.version: '10.0', java.version: '1.8.0_111'
Driver info: driver.version: unknown
	at sun.reflect.NativeConstructorAccessorImpl.newInstance0(Native Method)
	at sun.reflect.NativeConstructorAccessorImpl.newInstance(NativeConstructorAccessorImpl.java:62)
	at sun.reflect.DelegatingConstructorAccessorImpl.newInstance(DelegatingConstructorAccessorImpl.java:45)
	at java.lang.reflect.Constructor.newInstance(Constructor.java:423)
	at org.openqa.selenium.remote.ErrorHandler.createThrowable(ErrorHandler.java:216)
	at org.openqa.selenium.remote.ErrorHandler.throwIfResponseFailed(ErrorHandler.java:168)
	at org.openqa.selenium.remote.RemoteWebDriver.execute(RemoteWebDriver.java:635)
	at org.openqa.selenium.remote.RemoteWebDriver.findElement(RemoteWebDriver.java:368)
	at org.openqa.selenium.remote.RemoteWebDriver.findElementByXPath(RemoteWebDriver.java:473)
	at org.openqa.selenium.By$ByXPath.findElement(By.java:361)
	at org.openqa.selenium.remote.RemoteWebDriver.findElement(RemoteWebDriver.java:360)
	at com.hotels.bootcamp.qa_autoation_bobby.BasePage$1.apply(BasePage.java:27)
	at com.hotels.bootcamp.qa_autoation_bobby.BasePage$1.apply(BasePage.java:1)
	at org.openqa.selenium.support.ui.FluentWait.until(FluentWait.java:238)
	at com.hotels.bootcamp.qa_autoation_bobby.BasePage.webDriverFluentWait(BasePage.java:25)
	at com.hotels.bootcamp.qa_autoation_bobby.BasePage.clickOn(BasePage.java:39)
	at com.hotels.bootcamp.qa_autoation_bobby.GiftCardLanding.pickRoom(GiftCardLanding.java:88)
	at com.hotels.bootcamp.qa_autoation_bobby.TestGiftCard.GiftCard(TestGiftCard.java:34)
</failure>
    <system-err><![CDATA[SLF4J: Failed to load class "org.slf4j.impl.StaticLoggerBinder".
SLF4J: Defaulting to no-operation (NOP) logger implementation
SLF4J: See http://www.slf4j.org/codes.html#StaticLoggerBinder for further details.
Starting ChromeDriver 2.27.440174 (e97a722caafc2d3a8b807ee115bfb307f7d2cfd9) on port 32161
Only local connections are allowed.
Apr 14, 2017 12:39:31 PM org.openqa.selenium.remote.ProtocolHandshake createSession
INFO: Attempting bi-dialect session, assuming Postel's Law holds true on the remote end
Apr 14, 2017 12:39:33 PM org.openqa.selenium.remote.ProtocolHandshake createSession
INFO: Detected dialect: OSS
]]></system-err>
  </testcase>
  <testcase name="testSupport" classname="com.hotels.bootcamp.qa_autoation_bobby.TestDEMO" time="6.609"/>
  <testcase name="signIN" classname="com.hotels.bootcamp.qa_autoation_bobby.TestSignIn" time="2.85"/>
</testsuite>